2023-09-27 13:22:08[WARN] user: yoshito-t
GET /pages/new_reviews
USE eager loading detected
  ActiveStorage::Attachment => [:blob]
  Add to your query: .includes([:blob])
Call stack
  /Users/yoshito-t/Desktop/study-share/backend/app/controllers/pages_controller.rb:11:in `block in new_reviews'
  /Users/yoshito-t/Desktop/study-share/backend/app/controllers/pages_controller.rb:9:in `map'
  /Users/yoshito-t/Desktop/study-share/backend/app/controllers/pages_controller.rb:9:in `new_reviews'

2023-09-27 13:23:21[WARN] user: yoshito-t
GET /pages/new_reviews
USE eager loading detected
  ActiveStorage::Attachment => [:blob]
  Add to your query: .includes([:blob])
Call stack
  /Users/yoshito-t/Desktop/study-share/backend/app/controllers/pages_controller.rb:11:in `block in new_reviews'
  /Users/yoshito-t/Desktop/study-share/backend/app/controllers/pages_controller.rb:9:in `map'
  /Users/yoshito-t/Desktop/study-share/backend/app/controllers/pages_controller.rb:9:in `new_reviews'

2023-09-27 13:23:21[WARN] user: yoshito-t
GET /pages/popular_books
AVOID eager loading detected
  Book => [:reviews, :favorite_books]
  Remove from your query: .includes([:reviews, :favorite_books])
Call stack
  /Users/yoshito-t/Desktop/study-share/backend/app/controllers/pages_controller.rb:42:in `block in popular_books'
  /Users/yoshito-t/Desktop/study-share/backend/app/controllers/pages_controller.rb:40:in `map'
  /Users/yoshito-t/Desktop/study-share/backend/app/controllers/pages_controller.rb:40:in `popular_books'

2023-09-27 13:24:20[WARN] user: yoshito-t
GET /users/1
AVOID eager loading detected
  Review => [:user]
  Remove from your query: .includes([:user])
Call stack
  /Users/yoshito-t/Desktop/study-share/backend/app/controllers/concerns/shared_actions/attach_image.rb:26:in `block in attach_image_to_reviews'
  /Users/yoshito-t/Desktop/study-share/backend/app/controllers/concerns/shared_actions/attach_image.rb:21:in `map'
  /Users/yoshito-t/Desktop/study-share/backend/app/controllers/concerns/shared_actions/attach_image.rb:21:in `attach_image_to_reviews'
  /Users/yoshito-t/Desktop/study-share/backend/app/controllers/users_controller.rb:16:in `show'

2023-09-27 13:24:20[WARN] user: yoshito-t
GET /users/1
AVOID eager loading detected
  Question => [:image_attachment, :user]
  Remove from your query: .includes([:image_attachment, :user])
Call stack
  /Users/yoshito-t/Desktop/study-share/backend/app/controllers/concerns/shared_actions/attach_image.rb:56:in `block in attach_image_to_questions'
  /Users/yoshito-t/Desktop/study-share/backend/app/controllers/concerns/shared_actions/attach_image.rb:51:in `map'
  /Users/yoshito-t/Desktop/study-share/backend/app/controllers/concerns/shared_actions/attach_image.rb:51:in `attach_image_to_questions'
  /Users/yoshito-t/Desktop/study-share/backend/app/controllers/users_controller.rb:20:in `show'

2023-09-27 13:24:20[WARN] user: yoshito-t
GET /users/1
AVOID eager loading detected
  ActiveStorage::Attachment => [:blob]
  Remove from your query: .includes([:blob])
Call stack
  /Users/yoshito-t/Desktop/study-share/backend/app/controllers/concerns/shared_actions/attach_image.rb:51:in `map'
  /Users/yoshito-t/Desktop/study-share/backend/app/controllers/concerns/shared_actions/attach_image.rb:51:in `attach_image_to_questions'
  /Users/yoshito-t/Desktop/study-share/backend/app/controllers/users_controller.rb:20:in `show'

2023-09-27 13:24:20[WARN] user: yoshito-t
GET /users/1
AVOID eager loading detected
  Reply => [:user]
  Remove from your query: .includes([:user])
Call stack
  /Users/yoshito-t/Desktop/study-share/backend/app/controllers/concerns/shared_actions/attach_image.rb:119:in `block in attach_image_to_replies'
  /Users/yoshito-t/Desktop/study-share/backend/app/controllers/concerns/shared_actions/attach_image.rb:103:in `map'
  /Users/yoshito-t/Desktop/study-share/backend/app/controllers/concerns/shared_actions/attach_image.rb:103:in `attach_image_to_replies'
  /Users/yoshito-t/Desktop/study-share/backend/app/controllers/users_controller.rb:24:in `show'

2023-09-27 13:24:20[WARN] user: yoshito-t
GET /users/1
AVOID eager loading detected
  SubjectQuestion => [:image_attachment, :user]
  Remove from your query: .includes([:image_attachment, :user])
Call stack
  /Users/yoshito-t/Desktop/study-share/backend/app/controllers/concerns/shared_actions/attach_image.rb:82:in `map'
  /Users/yoshito-t/Desktop/study-share/backend/app/controllers/concerns/shared_actions/attach_image.rb:82:in `attach_image_to_subject_questions'
  /Users/yoshito-t/Desktop/study-share/backend/app/controllers/users_controller.rb:28:in `show'

2023-09-27 13:24:20[WARN] user: yoshito-t
GET /users/1
AVOID eager loading detected
  SubjectQuestionReply => [:user]
  Remove from your query: .includes([:user])
Call stack
  /Users/yoshito-t/Desktop/study-share/backend/app/controllers/concerns/shared_actions/attach_image.rb:148:in `block in attach_image_to_subject_question_replies'
  /Users/yoshito-t/Desktop/study-share/backend/app/controllers/concerns/shared_actions/attach_image.rb:132:in `map'
  /Users/yoshito-t/Desktop/study-share/backend/app/controllers/concerns/shared_actions/attach_image.rb:132:in `attach_image_to_subject_question_replies'
  /Users/yoshito-t/Desktop/study-share/backend/app/controllers/users_controller.rb:32:in `show'

2023-09-27 13:24:20[WARN] user: yoshito-t
GET /users/1
AVOID eager loading detected
  Survey => [:image_attachment, :user]
  Remove from your query: .includes([:image_attachment, :user])
Call stack
  /Users/yoshito-t/Desktop/study-share/backend/app/controllers/concerns/shared_actions/attach_image.rb:160:in `map'
  /Users/yoshito-t/Desktop/study-share/backend/app/controllers/concerns/shared_actions/attach_image.rb:160:in `attach_image_to_surveys'
  /Users/yoshito-t/Desktop/study-share/backend/app/controllers/users_controller.rb:36:in `show'

2023-09-27 14:43:22[WARN] user: yoshito-t
GET /pages/new_reviews
USE eager loading detected
  ActiveStorage::Attachment => [:blob]
  Add to your query: .includes([:blob])
Call stack
  /Users/yoshito-t/Desktop/study-share/backend/app/controllers/pages_controller.rb:11:in `block in new_reviews'
  /Users/yoshito-t/Desktop/study-share/backend/app/controllers/pages_controller.rb:9:in `map'
  /Users/yoshito-t/Desktop/study-share/backend/app/controllers/pages_controller.rb:9:in `new_reviews'

2023-09-27 14:43:23[WARN] user: yoshito-t
GET /pages/popular_books
AVOID eager loading detected
  Book => [:reviews, :favorite_books]
  Remove from your query: .includes([:reviews, :favorite_books])
Call stack
  /Users/yoshito-t/Desktop/study-share/backend/app/controllers/pages_controller.rb:42:in `block in popular_books'
  /Users/yoshito-t/Desktop/study-share/backend/app/controllers/pages_controller.rb:40:in `map'
  /Users/yoshito-t/Desktop/study-share/backend/app/controllers/pages_controller.rb:40:in `popular_books'

2023-09-27 14:43:23[WARN] user: yoshito-t
GET /pages/get_same_university_books?current_user_id=1
AVOID eager loading detected
  Book => [:reviews]
  Remove from your query: .includes([:reviews])
Call stack
  /Users/yoshito-t/Desktop/study-share/backend/app/controllers/pages_controller.rb:66:in `block in get_same_university_books'
  /Users/yoshito-t/Desktop/study-share/backend/app/controllers/pages_controller.rb:64:in `map'
  /Users/yoshito-t/Desktop/study-share/backend/app/controllers/pages_controller.rb:64:in `get_same_university_books'

2023-09-27 14:46:34[WARN] user: yoshito-t
GET /pages/new_reviews
USE eager loading detected
  ActiveStorage::Attachment => [:blob]
  Add to your query: .includes([:blob])
Call stack
  /Users/yoshito-t/Desktop/study-share/backend/app/controllers/pages_controller.rb:11:in `block in new_reviews'
  /Users/yoshito-t/Desktop/study-share/backend/app/controllers/pages_controller.rb:9:in `map'
  /Users/yoshito-t/Desktop/study-share/backend/app/controllers/pages_controller.rb:9:in `new_reviews'

2023-09-27 14:46:34[WARN] user: yoshito-t
GET /pages/popular_books
AVOID eager loading detected
  Book => [:reviews, :favorite_books]
  Remove from your query: .includes([:reviews, :favorite_books])
Call stack
  /Users/yoshito-t/Desktop/study-share/backend/app/controllers/pages_controller.rb:42:in `block in popular_books'
  /Users/yoshito-t/Desktop/study-share/backend/app/controllers/pages_controller.rb:40:in `map'
  /Users/yoshito-t/Desktop/study-share/backend/app/controllers/pages_controller.rb:40:in `popular_books'

2023-09-27 14:46:34[WARN] user: yoshito-t
GET /pages/get_same_university_books?current_user_id=1
AVOID eager loading detected
  Book => [:reviews]
  Remove from your query: .includes([:reviews])
Call stack
  /Users/yoshito-t/Desktop/study-share/backend/app/controllers/pages_controller.rb:66:in `block in get_same_university_books'
  /Users/yoshito-t/Desktop/study-share/backend/app/controllers/pages_controller.rb:64:in `map'
  /Users/yoshito-t/Desktop/study-share/backend/app/controllers/pages_controller.rb:64:in `get_same_university_books'

2023-09-27 15:01:15[WARN] user: yoshito-t
GET /favorites?user_id=1
AVOID eager loading detected
  Question => [:image_attachment]
  Remove from your query: .includes([:image_attachment])
Call stack
  /Users/yoshito-t/Desktop/study-share/backend/app/controllers/concerns/shared_actions/attach_image.rb:65:in `block in attach_image_to_questions'
  /Users/yoshito-t/Desktop/study-share/backend/app/controllers/concerns/shared_actions/attach_image.rb:51:in `map'
  /Users/yoshito-t/Desktop/study-share/backend/app/controllers/concerns/shared_actions/attach_image.rb:51:in `attach_image_to_questions'
  /Users/yoshito-t/Desktop/study-share/backend/app/controllers/favorites_controller.rb:14:in `index'

2023-09-27 15:01:15[WARN] user: yoshito-t
GET /favorites?user_id=1
AVOID eager loading detected
  ActiveStorage::Attachment => [:blob]
  Remove from your query: .includes([:blob])
Call stack
  /Users/yoshito-t/Desktop/study-share/backend/app/controllers/concerns/shared_actions/attach_image.rb:51:in `map'
  /Users/yoshito-t/Desktop/study-share/backend/app/controllers/concerns/shared_actions/attach_image.rb:51:in `attach_image_to_questions'
  /Users/yoshito-t/Desktop/study-share/backend/app/controllers/favorites_controller.rb:14:in `index'

2023-09-27 15:01:15[WARN] user: yoshito-t
GET /favorites?user_id=1
AVOID eager loading detected
  SubjectQuestion => [:image_attachment]
  Remove from your query: .includes([:image_attachment])
Call stack
  /Users/yoshito-t/Desktop/study-share/backend/app/controllers/concerns/shared_actions/attach_image.rb:90:in `block in attach_image_to_subject_questions'
  /Users/yoshito-t/Desktop/study-share/backend/app/controllers/concerns/shared_actions/attach_image.rb:82:in `map'
  /Users/yoshito-t/Desktop/study-share/backend/app/controllers/concerns/shared_actions/attach_image.rb:82:in `attach_image_to_subject_questions'
  /Users/yoshito-t/Desktop/study-share/backend/app/controllers/favorites_controller.rb:21:in `index'

2023-09-27 15:01:15[WARN] user: yoshito-t
GET /favorites?user_id=1
AVOID eager loading detected
  Survey => [:image_attachment]
  Remove from your query: .includes([:image_attachment])
Call stack
  /Users/yoshito-t/Desktop/study-share/backend/app/controllers/concerns/shared_actions/attach_image.rb:165:in `block in attach_image_to_surveys'
  /Users/yoshito-t/Desktop/study-share/backend/app/controllers/concerns/shared_actions/attach_image.rb:160:in `map'
  /Users/yoshito-t/Desktop/study-share/backend/app/controllers/concerns/shared_actions/attach_image.rb:160:in `attach_image_to_surveys'
  /Users/yoshito-t/Desktop/study-share/backend/app/controllers/favorites_controller.rb:27:in `index'

2023-09-27 15:01:16[WARN] user: yoshito-t
GET /pages/new_reviews
USE eager loading detected
  ActiveStorage::Attachment => [:blob]
  Add to your query: .includes([:blob])
Call stack
  /Users/yoshito-t/Desktop/study-share/backend/app/controllers/pages_controller.rb:11:in `block in new_reviews'
  /Users/yoshito-t/Desktop/study-share/backend/app/controllers/pages_controller.rb:9:in `map'
  /Users/yoshito-t/Desktop/study-share/backend/app/controllers/pages_controller.rb:9:in `new_reviews'

2023-09-27 15:01:16[WARN] user: yoshito-t
GET /pages/popular_books
AVOID eager loading detected
  Book => [:reviews, :favorite_books]
  Remove from your query: .includes([:reviews, :favorite_books])
Call stack
  /Users/yoshito-t/Desktop/study-share/backend/app/controllers/pages_controller.rb:42:in `block in popular_books'
  /Users/yoshito-t/Desktop/study-share/backend/app/controllers/pages_controller.rb:40:in `map'
  /Users/yoshito-t/Desktop/study-share/backend/app/controllers/pages_controller.rb:40:in `popular_books'

2023-09-27 15:01:16[WARN] user: yoshito-t
GET /pages/get_same_university_books?current_user_id=1
AVOID eager loading detected
  Book => [:reviews]
  Remove from your query: .includes([:reviews])
Call stack
  /Users/yoshito-t/Desktop/study-share/backend/app/controllers/pages_controller.rb:66:in `block in get_same_university_books'
  /Users/yoshito-t/Desktop/study-share/backend/app/controllers/pages_controller.rb:64:in `map'
  /Users/yoshito-t/Desktop/study-share/backend/app/controllers/pages_controller.rb:64:in `get_same_university_books'

2023-09-27 15:01:21[WARN] user: yoshito-t
GET /favorites?user_id=1
AVOID eager loading detected
  Question => [:image_attachment]
  Remove from your query: .includes([:image_attachment])
Call stack
  /Users/yoshito-t/Desktop/study-share/backend/app/controllers/concerns/shared_actions/attach_image.rb:65:in `block in attach_image_to_questions'
  /Users/yoshito-t/Desktop/study-share/backend/app/controllers/concerns/shared_actions/attach_image.rb:51:in `map'
  /Users/yoshito-t/Desktop/study-share/backend/app/controllers/concerns/shared_actions/attach_image.rb:51:in `attach_image_to_questions'
  /Users/yoshito-t/Desktop/study-share/backend/app/controllers/favorites_controller.rb:14:in `index'

2023-09-27 15:01:21[WARN] user: yoshito-t
GET /favorites?user_id=1
AVOID eager loading detected
  ActiveStorage::Attachment => [:blob]
  Remove from your query: .includes([:blob])
Call stack
  /Users/yoshito-t/Desktop/study-share/backend/app/controllers/concerns/shared_actions/attach_image.rb:51:in `map'
  /Users/yoshito-t/Desktop/study-share/backend/app/controllers/concerns/shared_actions/attach_image.rb:51:in `attach_image_to_questions'
  /Users/yoshito-t/Desktop/study-share/backend/app/controllers/favorites_controller.rb:14:in `index'

2023-09-27 15:01:21[WARN] user: yoshito-t
GET /favorites?user_id=1
AVOID eager loading detected
  SubjectQuestion => [:image_attachment]
  Remove from your query: .includes([:image_attachment])
Call stack
  /Users/yoshito-t/Desktop/study-share/backend/app/controllers/concerns/shared_actions/attach_image.rb:90:in `block in attach_image_to_subject_questions'
  /Users/yoshito-t/Desktop/study-share/backend/app/controllers/concerns/shared_actions/attach_image.rb:82:in `map'
  /Users/yoshito-t/Desktop/study-share/backend/app/controllers/concerns/shared_actions/attach_image.rb:82:in `attach_image_to_subject_questions'
  /Users/yoshito-t/Desktop/study-share/backend/app/controllers/favorites_controller.rb:21:in `index'

2023-09-27 15:01:21[WARN] user: yoshito-t
GET /favorites?user_id=1
AVOID eager loading detected
  Survey => [:image_attachment]
  Remove from your query: .includes([:image_attachment])
Call stack
  /Users/yoshito-t/Desktop/study-share/backend/app/controllers/concerns/shared_actions/attach_image.rb:165:in `block in attach_image_to_surveys'
  /Users/yoshito-t/Desktop/study-share/backend/app/controllers/concerns/shared_actions/attach_image.rb:160:in `map'
  /Users/yoshito-t/Desktop/study-share/backend/app/controllers/concerns/shared_actions/attach_image.rb:160:in `attach_image_to_surveys'
  /Users/yoshito-t/Desktop/study-share/backend/app/controllers/favorites_controller.rb:27:in `index'

2023-09-27 15:01:23[WARN] user: yoshito-t
GET /pages/new_reviews
USE eager loading detected
  ActiveStorage::Attachment => [:blob]
  Add to your query: .includes([:blob])
Call stack
  /Users/yoshito-t/Desktop/study-share/backend/app/controllers/pages_controller.rb:11:in `block in new_reviews'
  /Users/yoshito-t/Desktop/study-share/backend/app/controllers/pages_controller.rb:9:in `map'
  /Users/yoshito-t/Desktop/study-share/backend/app/controllers/pages_controller.rb:9:in `new_reviews'

2023-09-27 15:01:24[WARN] user: yoshito-t
GET /pages/popular_books
AVOID eager loading detected
  Book => [:reviews, :favorite_books]
  Remove from your query: .includes([:reviews, :favorite_books])
Call stack
  /Users/yoshito-t/Desktop/study-share/backend/app/controllers/pages_controller.rb:42:in `block in popular_books'
  /Users/yoshito-t/Desktop/study-share/backend/app/controllers/pages_controller.rb:40:in `map'
  /Users/yoshito-t/Desktop/study-share/backend/app/controllers/pages_controller.rb:40:in `popular_books'

2023-09-27 15:01:24[WARN] user: yoshito-t
GET /pages/get_same_university_books?current_user_id=1
AVOID eager loading detected
  Book => [:reviews]
  Remove from your query: .includes([:reviews])
Call stack
  /Users/yoshito-t/Desktop/study-share/backend/app/controllers/pages_controller.rb:66:in `block in get_same_university_books'
  /Users/yoshito-t/Desktop/study-share/backend/app/controllers/pages_controller.rb:64:in `map'
  /Users/yoshito-t/Desktop/study-share/backend/app/controllers/pages_controller.rb:64:in `get_same_university_books'

2023-09-27 15:01:34[WARN] user: yoshito-t
GET /users/1
AVOID eager loading detected
  Review => [:user]
  Remove from your query: .includes([:user])
Call stack
  /Users/yoshito-t/Desktop/study-share/backend/app/controllers/concerns/shared_actions/attach_image.rb:26:in `block in attach_image_to_reviews'
  /Users/yoshito-t/Desktop/study-share/backend/app/controllers/concerns/shared_actions/attach_image.rb:21:in `map'
  /Users/yoshito-t/Desktop/study-share/backend/app/controllers/concerns/shared_actions/attach_image.rb:21:in `attach_image_to_reviews'
  /Users/yoshito-t/Desktop/study-share/backend/app/controllers/users_controller.rb:16:in `show'

2023-09-27 15:01:34[WARN] user: yoshito-t
GET /users/1
AVOID eager loading detected
  Question => [:image_attachment, :user]
  Remove from your query: .includes([:image_attachment, :user])
Call stack
  /Users/yoshito-t/Desktop/study-share/backend/app/controllers/concerns/shared_actions/attach_image.rb:56:in `block in attach_image_to_questions'
  /Users/yoshito-t/Desktop/study-share/backend/app/controllers/concerns/shared_actions/attach_image.rb:51:in `map'
  /Users/yoshito-t/Desktop/study-share/backend/app/controllers/concerns/shared_actions/attach_image.rb:51:in `attach_image_to_questions'
  /Users/yoshito-t/Desktop/study-share/backend/app/controllers/users_controller.rb:20:in `show'

2023-09-27 15:01:34[WARN] user: yoshito-t
GET /users/1
AVOID eager loading detected
  ActiveStorage::Attachment => [:blob]
  Remove from your query: .includes([:blob])
Call stack
  /Users/yoshito-t/Desktop/study-share/backend/app/controllers/concerns/shared_actions/attach_image.rb:51:in `map'
  /Users/yoshito-t/Desktop/study-share/backend/app/controllers/concerns/shared_actions/attach_image.rb:51:in `attach_image_to_questions'
  /Users/yoshito-t/Desktop/study-share/backend/app/controllers/users_controller.rb:20:in `show'

2023-09-27 15:01:34[WARN] user: yoshito-t
GET /users/1
AVOID eager loading detected
  Reply => [:user]
  Remove from your query: .includes([:user])
Call stack
  /Users/yoshito-t/Desktop/study-share/backend/app/controllers/concerns/shared_actions/attach_image.rb:119:in `block in attach_image_to_replies'
  /Users/yoshito-t/Desktop/study-share/backend/app/controllers/concerns/shared_actions/attach_image.rb:103:in `map'
  /Users/yoshito-t/Desktop/study-share/backend/app/controllers/concerns/shared_actions/attach_image.rb:103:in `attach_image_to_replies'
  /Users/yoshito-t/Desktop/study-share/backend/app/controllers/users_controller.rb:24:in `show'

2023-09-27 15:01:34[WARN] user: yoshito-t
GET /users/1
AVOID eager loading detected
  SubjectQuestion => [:image_attachment, :user]
  Remove from your query: .includes([:image_attachment, :user])
Call stack
  /Users/yoshito-t/Desktop/study-share/backend/app/controllers/concerns/shared_actions/attach_image.rb:82:in `map'
  /Users/yoshito-t/Desktop/study-share/backend/app/controllers/concerns/shared_actions/attach_image.rb:82:in `attach_image_to_subject_questions'
  /Users/yoshito-t/Desktop/study-share/backend/app/controllers/users_controller.rb:28:in `show'

2023-09-27 15:01:34[WARN] user: yoshito-t
GET /users/1
AVOID eager loading detected
  SubjectQuestionReply => [:user]
  Remove from your query: .includes([:user])
Call stack
  /Users/yoshito-t/Desktop/study-share/backend/app/controllers/concerns/shared_actions/attach_image.rb:148:in `block in attach_image_to_subject_question_replies'
  /Users/yoshito-t/Desktop/study-share/backend/app/controllers/concerns/shared_actions/attach_image.rb:132:in `map'
  /Users/yoshito-t/Desktop/study-share/backend/app/controllers/concerns/shared_actions/attach_image.rb:132:in `attach_image_to_subject_question_replies'
  /Users/yoshito-t/Desktop/study-share/backend/app/controllers/users_controller.rb:32:in `show'

2023-09-27 15:01:34[WARN] user: yoshito-t
GET /users/1
AVOID eager loading detected
  Survey => [:image_attachment, :user]
  Remove from your query: .includes([:image_attachment, :user])
Call stack
  /Users/yoshito-t/Desktop/study-share/backend/app/controllers/concerns/shared_actions/attach_image.rb:160:in `map'
  /Users/yoshito-t/Desktop/study-share/backend/app/controllers/concerns/shared_actions/attach_image.rb:160:in `attach_image_to_surveys'
  /Users/yoshito-t/Desktop/study-share/backend/app/controllers/users_controller.rb:36:in `show'

2023-09-27 15:01:37[WARN] user: yoshito-t
GET /favorites?user_id=1
AVOID eager loading detected
  Question => [:image_attachment]
  Remove from your query: .includes([:image_attachment])
Call stack
  /Users/yoshito-t/Desktop/study-share/backend/app/controllers/concerns/shared_actions/attach_image.rb:65:in `block in attach_image_to_questions'
  /Users/yoshito-t/Desktop/study-share/backend/app/controllers/concerns/shared_actions/attach_image.rb:51:in `map'
  /Users/yoshito-t/Desktop/study-share/backend/app/controllers/concerns/shared_actions/attach_image.rb:51:in `attach_image_to_questions'
  /Users/yoshito-t/Desktop/study-share/backend/app/controllers/favorites_controller.rb:14:in `index'

2023-09-27 15:01:37[WARN] user: yoshito-t
GET /favorites?user_id=1
AVOID eager loading detected
  ActiveStorage::Attachment => [:blob]
  Remove from your query: .includes([:blob])
Call stack
  /Users/yoshito-t/Desktop/study-share/backend/app/controllers/concerns/shared_actions/attach_image.rb:51:in `map'
  /Users/yoshito-t/Desktop/study-share/backend/app/controllers/concerns/shared_actions/attach_image.rb:51:in `attach_image_to_questions'
  /Users/yoshito-t/Desktop/study-share/backend/app/controllers/favorites_controller.rb:14:in `index'

2023-09-27 15:01:37[WARN] user: yoshito-t
GET /favorites?user_id=1
AVOID eager loading detected
  SubjectQuestion => [:image_attachment]
  Remove from your query: .includes([:image_attachment])
Call stack
  /Users/yoshito-t/Desktop/study-share/backend/app/controllers/concerns/shared_actions/attach_image.rb:90:in `block in attach_image_to_subject_questions'
  /Users/yoshito-t/Desktop/study-share/backend/app/controllers/concerns/shared_actions/attach_image.rb:82:in `map'
  /Users/yoshito-t/Desktop/study-share/backend/app/controllers/concerns/shared_actions/attach_image.rb:82:in `attach_image_to_subject_questions'
  /Users/yoshito-t/Desktop/study-share/backend/app/controllers/favorites_controller.rb:21:in `index'

2023-09-27 15:01:37[WARN] user: yoshito-t
GET /favorites?user_id=1
AVOID eager loading detected
  Survey => [:image_attachment]
  Remove from your query: .includes([:image_attachment])
Call stack
  /Users/yoshito-t/Desktop/study-share/backend/app/controllers/concerns/shared_actions/attach_image.rb:165:in `block in attach_image_to_surveys'
  /Users/yoshito-t/Desktop/study-share/backend/app/controllers/concerns/shared_actions/attach_image.rb:160:in `map'
  /Users/yoshito-t/Desktop/study-share/backend/app/controllers/concerns/shared_actions/attach_image.rb:160:in `attach_image_to_surveys'
  /Users/yoshito-t/Desktop/study-share/backend/app/controllers/favorites_controller.rb:27:in `index'

2023-09-27 15:01:50[WARN] user: yoshito-t
GET /pages/new_reviews
USE eager loading detected
  ActiveStorage::Attachment => [:blob]
  Add to your query: .includes([:blob])
Call stack
  /Users/yoshito-t/Desktop/study-share/backend/app/controllers/pages_controller.rb:11:in `block in new_reviews'
  /Users/yoshito-t/Desktop/study-share/backend/app/controllers/pages_controller.rb:9:in `map'
  /Users/yoshito-t/Desktop/study-share/backend/app/controllers/pages_controller.rb:9:in `new_reviews'

2023-09-27 15:01:50[WARN] user: yoshito-t
GET /pages/popular_books
AVOID eager loading detected
  Book => [:reviews, :favorite_books]
  Remove from your query: .includes([:reviews, :favorite_books])
Call stack
  /Users/yoshito-t/Desktop/study-share/backend/app/controllers/pages_controller.rb:42:in `block in popular_books'
  /Users/yoshito-t/Desktop/study-share/backend/app/controllers/pages_controller.rb:40:in `map'
  /Users/yoshito-t/Desktop/study-share/backend/app/controllers/pages_controller.rb:40:in `popular_books'

2023-09-27 15:01:50[WARN] user: yoshito-t
GET /pages/get_same_university_books?current_user_id=1
AVOID eager loading detected
  Book => [:reviews]
  Remove from your query: .includes([:reviews])
Call stack
  /Users/yoshito-t/Desktop/study-share/backend/app/controllers/pages_controller.rb:66:in `block in get_same_university_books'
  /Users/yoshito-t/Desktop/study-share/backend/app/controllers/pages_controller.rb:64:in `map'
  /Users/yoshito-t/Desktop/study-share/backend/app/controllers/pages_controller.rb:64:in `get_same_university_books'

2023-09-27 15:02:31[WARN] user: yoshito-t
GET /favorites?user_id=1
AVOID eager loading detected
  Question => [:image_attachment]
  Remove from your query: .includes([:image_attachment])
Call stack
  /Users/yoshito-t/Desktop/study-share/backend/app/controllers/concerns/shared_actions/attach_image.rb:65:in `block in attach_image_to_questions'
  /Users/yoshito-t/Desktop/study-share/backend/app/controllers/concerns/shared_actions/attach_image.rb:51:in `map'
  /Users/yoshito-t/Desktop/study-share/backend/app/controllers/concerns/shared_actions/attach_image.rb:51:in `attach_image_to_questions'
  /Users/yoshito-t/Desktop/study-share/backend/app/controllers/favorites_controller.rb:14:in `index'

2023-09-27 15:02:31[WARN] user: yoshito-t
GET /favorites?user_id=1
AVOID eager loading detected
  ActiveStorage::Attachment => [:blob]
  Remove from your query: .includes([:blob])
Call stack
  /Users/yoshito-t/Desktop/study-share/backend/app/controllers/concerns/shared_actions/attach_image.rb:51:in `map'
  /Users/yoshito-t/Desktop/study-share/backend/app/controllers/concerns/shared_actions/attach_image.rb:51:in `attach_image_to_questions'
  /Users/yoshito-t/Desktop/study-share/backend/app/controllers/favorites_controller.rb:14:in `index'

2023-09-27 15:02:31[WARN] user: yoshito-t
GET /favorites?user_id=1
AVOID eager loading detected
  SubjectQuestion => [:image_attachment]
  Remove from your query: .includes([:image_attachment])
Call stack
  /Users/yoshito-t/Desktop/study-share/backend/app/controllers/concerns/shared_actions/attach_image.rb:90:in `block in attach_image_to_subject_questions'
  /Users/yoshito-t/Desktop/study-share/backend/app/controllers/concerns/shared_actions/attach_image.rb:82:in `map'
  /Users/yoshito-t/Desktop/study-share/backend/app/controllers/concerns/shared_actions/attach_image.rb:82:in `attach_image_to_subject_questions'
  /Users/yoshito-t/Desktop/study-share/backend/app/controllers/favorites_controller.rb:21:in `index'

2023-09-27 15:02:31[WARN] user: yoshito-t
GET /favorites?user_id=1
AVOID eager loading detected
  Survey => [:image_attachment]
  Remove from your query: .includes([:image_attachment])
Call stack
  /Users/yoshito-t/Desktop/study-share/backend/app/controllers/concerns/shared_actions/attach_image.rb:165:in `block in attach_image_to_surveys'
  /Users/yoshito-t/Desktop/study-share/backend/app/controllers/concerns/shared_actions/attach_image.rb:160:in `map'
  /Users/yoshito-t/Desktop/study-share/backend/app/controllers/concerns/shared_actions/attach_image.rb:160:in `attach_image_to_surveys'
  /Users/yoshito-t/Desktop/study-share/backend/app/controllers/favorites_controller.rb:27:in `index'

2023-09-27 15:04:34[WARN] user: yoshito-t
GET /pages/new_reviews
USE eager loading detected
  ActiveStorage::Attachment => [:blob]
  Add to your query: .includes([:blob])
Call stack
  /Users/yoshito-t/Desktop/study-share/backend/app/controllers/pages_controller.rb:11:in `block in new_reviews'
  /Users/yoshito-t/Desktop/study-share/backend/app/controllers/pages_controller.rb:9:in `map'
  /Users/yoshito-t/Desktop/study-share/backend/app/controllers/pages_controller.rb:9:in `new_reviews'

2023-09-27 15:04:34[WARN] user: yoshito-t
GET /pages/popular_books
AVOID eager loading detected
  Book => [:reviews, :favorite_books]
  Remove from your query: .includes([:reviews, :favorite_books])
Call stack
  /Users/yoshito-t/Desktop/study-share/backend/app/controllers/pages_controller.rb:42:in `block in popular_books'
  /Users/yoshito-t/Desktop/study-share/backend/app/controllers/pages_controller.rb:40:in `map'
  /Users/yoshito-t/Desktop/study-share/backend/app/controllers/pages_controller.rb:40:in `popular_books'

2023-09-27 15:04:34[WARN] user: yoshito-t
GET /pages/get_same_university_books?current_user_id=1
AVOID eager loading detected
  Book => [:reviews]
  Remove from your query: .includes([:reviews])
Call stack
  /Users/yoshito-t/Desktop/study-share/backend/app/controllers/pages_controller.rb:66:in `block in get_same_university_books'
  /Users/yoshito-t/Desktop/study-share/backend/app/controllers/pages_controller.rb:64:in `map'
  /Users/yoshito-t/Desktop/study-share/backend/app/controllers/pages_controller.rb:64:in `get_same_university_books'

2023-09-27 15:29:45[WARN] user: yoshito-t
GET /pages/new_reviews
USE eager loading detected
  ActiveStorage::Attachment => [:blob]
  Add to your query: .includes([:blob])
Call stack
  /Users/yoshito-t/Desktop/study-share/backend/app/controllers/pages_controller.rb:11:in `block in new_reviews'
  /Users/yoshito-t/Desktop/study-share/backend/app/controllers/pages_controller.rb:9:in `map'
  /Users/yoshito-t/Desktop/study-share/backend/app/controllers/pages_controller.rb:9:in `new_reviews'

2023-09-27 15:29:45[WARN] user: yoshito-t
GET /pages/popular_books
AVOID eager loading detected
  Book => [:reviews, :favorite_books]
  Remove from your query: .includes([:reviews, :favorite_books])
Call stack
  /Users/yoshito-t/Desktop/study-share/backend/app/controllers/pages_controller.rb:42:in `block in popular_books'
  /Users/yoshito-t/Desktop/study-share/backend/app/controllers/pages_controller.rb:40:in `map'
  /Users/yoshito-t/Desktop/study-share/backend/app/controllers/pages_controller.rb:40:in `popular_books'

2023-09-27 15:29:45[WARN] user: yoshito-t
GET /pages/get_same_university_books?current_user_id=1
AVOID eager loading detected
  Book => [:reviews]
  Remove from your query: .includes([:reviews])
Call stack
  /Users/yoshito-t/Desktop/study-share/backend/app/controllers/pages_controller.rb:66:in `block in get_same_university_books'
  /Users/yoshito-t/Desktop/study-share/backend/app/controllers/pages_controller.rb:64:in `map'
  /Users/yoshito-t/Desktop/study-share/backend/app/controllers/pages_controller.rb:64:in `get_same_university_books'

2023-09-27 17:27:16[WARN] user: yoshito-t
GET /pages/popular_books
AVOID eager loading detected
  Book => [:reviews, :favorite_books]
  Remove from your query: .includes([:reviews, :favorite_books])
Call stack
  /Users/yoshito-t/Desktop/study-share/backend/app/controllers/pages_controller.rb:42:in `block in popular_books'
  /Users/yoshito-t/Desktop/study-share/backend/app/controllers/pages_controller.rb:40:in `map'
  /Users/yoshito-t/Desktop/study-share/backend/app/controllers/pages_controller.rb:40:in `popular_books'

2023-09-27 17:27:16[WARN] user: yoshito-t
GET /pages/new_reviews
USE eager loading detected
  ActiveStorage::Attachment => [:blob]
  Add to your query: .includes([:blob])
Call stack
  /Users/yoshito-t/Desktop/study-share/backend/app/controllers/pages_controller.rb:11:in `block in new_reviews'
  /Users/yoshito-t/Desktop/study-share/backend/app/controllers/pages_controller.rb:9:in `map'
  /Users/yoshito-t/Desktop/study-share/backend/app/controllers/pages_controller.rb:9:in `new_reviews'

2023-09-27 17:27:20[WARN] user: yoshito-t
GET /books?current_user_id=35
AVOID eager loading detected
  Book => [:reviews]
  Remove from your query: .includes([:reviews])
Call stack
  /Users/yoshito-t/Desktop/study-share/backend/app/controllers/concerns/shared_actions/attach_image.rb:12:in `block in attach_image_to_books'
  /Users/yoshito-t/Desktop/study-share/backend/app/controllers/concerns/shared_actions/attach_image.rb:10:in `map'
  /Users/yoshito-t/Desktop/study-share/backend/app/controllers/concerns/shared_actions/attach_image.rb:10:in `attach_image_to_books'
  /Users/yoshito-t/Desktop/study-share/backend/app/controllers/books_controller.rb:13:in `index'

2023-09-27 17:27:24[WARN] user: yoshito-t
GET /pages/new_reviews
USE eager loading detected
  ActiveStorage::Attachment => [:blob]
  Add to your query: .includes([:blob])
Call stack
  /Users/yoshito-t/Desktop/study-share/backend/app/controllers/pages_controller.rb:11:in `block in new_reviews'
  /Users/yoshito-t/Desktop/study-share/backend/app/controllers/pages_controller.rb:9:in `map'
  /Users/yoshito-t/Desktop/study-share/backend/app/controllers/pages_controller.rb:9:in `new_reviews'

2023-09-27 17:27:24[WARN] user: yoshito-t
GET /pages/popular_books
AVOID eager loading detected
  Book => [:reviews, :favorite_books]
  Remove from your query: .includes([:reviews, :favorite_books])
Call stack
  /Users/yoshito-t/Desktop/study-share/backend/app/controllers/pages_controller.rb:42:in `block in popular_books'
  /Users/yoshito-t/Desktop/study-share/backend/app/controllers/pages_controller.rb:40:in `map'
  /Users/yoshito-t/Desktop/study-share/backend/app/controllers/pages_controller.rb:40:in `popular_books'

2023-09-27 17:27:27[WARN] user: yoshito-t
GET /pages/new_reviews
USE eager loading detected
  ActiveStorage::Attachment => [:blob]
  Add to your query: .includes([:blob])
Call stack
  /Users/yoshito-t/Desktop/study-share/backend/app/controllers/pages_controller.rb:11:in `block in new_reviews'
  /Users/yoshito-t/Desktop/study-share/backend/app/controllers/pages_controller.rb:9:in `map'
  /Users/yoshito-t/Desktop/study-share/backend/app/controllers/pages_controller.rb:9:in `new_reviews'

2023-09-27 17:27:27[WARN] user: yoshito-t
GET /pages/popular_books
AVOID eager loading detected
  Book => [:reviews, :favorite_books]
  Remove from your query: .includes([:reviews, :favorite_books])
Call stack
  /Users/yoshito-t/Desktop/study-share/backend/app/controllers/pages_controller.rb:42:in `block in popular_books'
  /Users/yoshito-t/Desktop/study-share/backend/app/controllers/pages_controller.rb:40:in `map'
  /Users/yoshito-t/Desktop/study-share/backend/app/controllers/pages_controller.rb:40:in `popular_books'

2023-09-27 17:27:30[WARN] user: yoshito-t
GET /books?current_user_id=0
AVOID eager loading detected
  Book => [:reviews]
  Remove from your query: .includes([:reviews])
Call stack
  /Users/yoshito-t/Desktop/study-share/backend/app/controllers/concerns/shared_actions/attach_image.rb:12:in `block in attach_image_to_books'
  /Users/yoshito-t/Desktop/study-share/backend/app/controllers/concerns/shared_actions/attach_image.rb:10:in `map'
  /Users/yoshito-t/Desktop/study-share/backend/app/controllers/concerns/shared_actions/attach_image.rb:10:in `attach_image_to_books'
  /Users/yoshito-t/Desktop/study-share/backend/app/controllers/books_controller.rb:13:in `index'

2023-09-27 17:27:37[WARN] user: yoshito-t
GET /pages/new_reviews
USE eager loading detected
  ActiveStorage::Attachment => [:blob]
  Add to your query: .includes([:blob])
Call stack
  /Users/yoshito-t/Desktop/study-share/backend/app/controllers/pages_controller.rb:11:in `block in new_reviews'
  /Users/yoshito-t/Desktop/study-share/backend/app/controllers/pages_controller.rb:9:in `map'
  /Users/yoshito-t/Desktop/study-share/backend/app/controllers/pages_controller.rb:9:in `new_reviews'

2023-09-27 17:27:37[WARN] user: yoshito-t
GET /pages/popular_books
AVOID eager loading detected
  Book => [:reviews, :favorite_books]
  Remove from your query: .includes([:reviews, :favorite_books])
Call stack
  /Users/yoshito-t/Desktop/study-share/backend/app/controllers/pages_controller.rb:42:in `block in popular_books'
  /Users/yoshito-t/Desktop/study-share/backend/app/controllers/pages_controller.rb:40:in `map'
  /Users/yoshito-t/Desktop/study-share/backend/app/controllers/pages_controller.rb:40:in `popular_books'

2023-09-27 17:27:40[WARN] user: yoshito-t
GET /pages/new_reviews
USE eager loading detected
  ActiveStorage::Attachment => [:blob]
  Add to your query: .includes([:blob])
Call stack
  /Users/yoshito-t/Desktop/study-share/backend/app/controllers/pages_controller.rb:11:in `block in new_reviews'
  /Users/yoshito-t/Desktop/study-share/backend/app/controllers/pages_controller.rb:9:in `map'
  /Users/yoshito-t/Desktop/study-share/backend/app/controllers/pages_controller.rb:9:in `new_reviews'

2023-09-27 17:27:40[WARN] user: yoshito-t
GET /pages/popular_books
AVOID eager loading detected
  Book => [:reviews, :favorite_books]
  Remove from your query: .includes([:reviews, :favorite_books])
Call stack
  /Users/yoshito-t/Desktop/study-share/backend/app/controllers/pages_controller.rb:42:in `block in popular_books'
  /Users/yoshito-t/Desktop/study-share/backend/app/controllers/pages_controller.rb:40:in `map'
  /Users/yoshito-t/Desktop/study-share/backend/app/controllers/pages_controller.rb:40:in `popular_books'

2023-09-27 17:27:42[WARN] user: yoshito-t
GET /books?current_user_id=0
AVOID eager loading detected
  Book => [:reviews]
  Remove from your query: .includes([:reviews])
Call stack
  /Users/yoshito-t/Desktop/study-share/backend/app/controllers/concerns/shared_actions/attach_image.rb:12:in `block in attach_image_to_books'
  /Users/yoshito-t/Desktop/study-share/backend/app/controllers/concerns/shared_actions/attach_image.rb:10:in `map'
  /Users/yoshito-t/Desktop/study-share/backend/app/controllers/concerns/shared_actions/attach_image.rb:10:in `attach_image_to_books'
  /Users/yoshito-t/Desktop/study-share/backend/app/controllers/books_controller.rb:13:in `index'

2023-09-27 17:27:51[WARN] user: yoshito-t
GET /pages/new_reviews
USE eager loading detected
  ActiveStorage::Attachment => [:blob]
  Add to your query: .includes([:blob])
Call stack
  /Users/yoshito-t/Desktop/study-share/backend/app/controllers/pages_controller.rb:11:in `block in new_reviews'
  /Users/yoshito-t/Desktop/study-share/backend/app/controllers/pages_controller.rb:9:in `map'
  /Users/yoshito-t/Desktop/study-share/backend/app/controllers/pages_controller.rb:9:in `new_reviews'

2023-09-27 17:27:51[WARN] user: yoshito-t
GET /pages/popular_books
AVOID eager loading detected
  Book => [:reviews, :favorite_books]
  Remove from your query: .includes([:reviews, :favorite_books])
Call stack
  /Users/yoshito-t/Desktop/study-share/backend/app/controllers/pages_controller.rb:42:in `block in popular_books'
  /Users/yoshito-t/Desktop/study-share/backend/app/controllers/pages_controller.rb:40:in `map'
  /Users/yoshito-t/Desktop/study-share/backend/app/controllers/pages_controller.rb:40:in `popular_books'

2023-09-27 17:27:53[WARN] user: yoshito-t
GET /pages/new_reviews
USE eager loading detected
  ActiveStorage::Attachment => [:blob]
  Add to your query: .includes([:blob])
Call stack
  /Users/yoshito-t/Desktop/study-share/backend/app/controllers/pages_controller.rb:11:in `block in new_reviews'
  /Users/yoshito-t/Desktop/study-share/backend/app/controllers/pages_controller.rb:9:in `map'
  /Users/yoshito-t/Desktop/study-share/backend/app/controllers/pages_controller.rb:9:in `new_reviews'

2023-09-27 17:27:53[WARN] user: yoshito-t
GET /pages/popular_books
AVOID eager loading detected
  Book => [:reviews, :favorite_books]
  Remove from your query: .includes([:reviews, :favorite_books])
Call stack
  /Users/yoshito-t/Desktop/study-share/backend/app/controllers/pages_controller.rb:42:in `block in popular_books'
  /Users/yoshito-t/Desktop/study-share/backend/app/controllers/pages_controller.rb:40:in `map'
  /Users/yoshito-t/Desktop/study-share/backend/app/controllers/pages_controller.rb:40:in `popular_books'

2023-09-27 17:28:00[WARN] user: yoshito-t
GET /pages/new_reviews
USE eager loading detected
  ActiveStorage::Attachment => [:blob]
  Add to your query: .includes([:blob])
Call stack
  /Users/yoshito-t/Desktop/study-share/backend/app/controllers/pages_controller.rb:11:in `block in new_reviews'
  /Users/yoshito-t/Desktop/study-share/backend/app/controllers/pages_controller.rb:9:in `map'
  /Users/yoshito-t/Desktop/study-share/backend/app/controllers/pages_controller.rb:9:in `new_reviews'

2023-09-27 17:28:00[WARN] user: yoshito-t
GET /pages/popular_books
AVOID eager loading detected
  Book => [:reviews, :favorite_books]
  Remove from your query: .includes([:reviews, :favorite_books])
Call stack
  /Users/yoshito-t/Desktop/study-share/backend/app/controllers/pages_controller.rb:42:in `block in popular_books'
  /Users/yoshito-t/Desktop/study-share/backend/app/controllers/pages_controller.rb:40:in `map'
  /Users/yoshito-t/Desktop/study-share/backend/app/controllers/pages_controller.rb:40:in `popular_books'

2023-09-27 17:28:02[WARN] user: yoshito-t
GET /pages/new_reviews
USE eager loading detected
  ActiveStorage::Attachment => [:blob]
  Add to your query: .includes([:blob])
Call stack
  /Users/yoshito-t/Desktop/study-share/backend/app/controllers/pages_controller.rb:11:in `block in new_reviews'
  /Users/yoshito-t/Desktop/study-share/backend/app/controllers/pages_controller.rb:9:in `map'
  /Users/yoshito-t/Desktop/study-share/backend/app/controllers/pages_controller.rb:9:in `new_reviews'

2023-09-27 17:28:02[WARN] user: yoshito-t
GET /pages/popular_books
AVOID eager loading detected
  Book => [:reviews, :favorite_books]
  Remove from your query: .includes([:reviews, :favorite_books])
Call stack
  /Users/yoshito-t/Desktop/study-share/backend/app/controllers/pages_controller.rb:42:in `block in popular_books'
  /Users/yoshito-t/Desktop/study-share/backend/app/controllers/pages_controller.rb:40:in `map'
  /Users/yoshito-t/Desktop/study-share/backend/app/controllers/pages_controller.rb:40:in `popular_books'

2023-09-27 17:28:11[WARN] user: yoshito-t
GET /pages/new_reviews
USE eager loading detected
  ActiveStorage::Attachment => [:blob]
  Add to your query: .includes([:blob])
Call stack
  /Users/yoshito-t/Desktop/study-share/backend/app/controllers/pages_controller.rb:11:in `block in new_reviews'
  /Users/yoshito-t/Desktop/study-share/backend/app/controllers/pages_controller.rb:9:in `map'
  /Users/yoshito-t/Desktop/study-share/backend/app/controllers/pages_controller.rb:9:in `new_reviews'

2023-09-27 17:28:11[WARN] user: yoshito-t
GET /pages/popular_books
AVOID eager loading detected
  Book => [:reviews, :favorite_books]
  Remove from your query: .includes([:reviews, :favorite_books])
Call stack
  /Users/yoshito-t/Desktop/study-share/backend/app/controllers/pages_controller.rb:42:in `block in popular_books'
  /Users/yoshito-t/Desktop/study-share/backend/app/controllers/pages_controller.rb:40:in `map'
  /Users/yoshito-t/Desktop/study-share/backend/app/controllers/pages_controller.rb:40:in `popular_books'

2023-09-27 17:28:14[WARN] user: yoshito-t
GET /pages/new_reviews
USE eager loading detected
  ActiveStorage::Attachment => [:blob]
  Add to your query: .includes([:blob])
Call stack
  /Users/yoshito-t/Desktop/study-share/backend/app/controllers/pages_controller.rb:11:in `block in new_reviews'
  /Users/yoshito-t/Desktop/study-share/backend/app/controllers/pages_controller.rb:9:in `map'
  /Users/yoshito-t/Desktop/study-share/backend/app/controllers/pages_controller.rb:9:in `new_reviews'

2023-09-27 17:28:14[WARN] user: yoshito-t
GET /pages/popular_books
AVOID eager loading detected
  Book => [:reviews, :favorite_books]
  Remove from your query: .includes([:reviews, :favorite_books])
Call stack
  /Users/yoshito-t/Desktop/study-share/backend/app/controllers/pages_controller.rb:42:in `block in popular_books'
  /Users/yoshito-t/Desktop/study-share/backend/app/controllers/pages_controller.rb:40:in `map'
  /Users/yoshito-t/Desktop/study-share/backend/app/controllers/pages_controller.rb:40:in `popular_books'

2023-09-27 17:28:16[WARN] user: yoshito-t
GET /books?current_user_id=0
AVOID eager loading detected
  Book => [:reviews]
  Remove from your query: .includes([:reviews])
Call stack
  /Users/yoshito-t/Desktop/study-share/backend/app/controllers/concerns/shared_actions/attach_image.rb:12:in `block in attach_image_to_books'
  /Users/yoshito-t/Desktop/study-share/backend/app/controllers/concerns/shared_actions/attach_image.rb:10:in `map'
  /Users/yoshito-t/Desktop/study-share/backend/app/controllers/concerns/shared_actions/attach_image.rb:10:in `attach_image_to_books'
  /Users/yoshito-t/Desktop/study-share/backend/app/controllers/books_controller.rb:13:in `index'

2023-09-27 17:28:23[WARN] user: yoshito-t
GET /pages/new_reviews
USE eager loading detected
  ActiveStorage::Attachment => [:blob]
  Add to your query: .includes([:blob])
Call stack
  /Users/yoshito-t/Desktop/study-share/backend/app/controllers/pages_controller.rb:11:in `block in new_reviews'
  /Users/yoshito-t/Desktop/study-share/backend/app/controllers/pages_controller.rb:9:in `map'
  /Users/yoshito-t/Desktop/study-share/backend/app/controllers/pages_controller.rb:9:in `new_reviews'

2023-09-27 17:28:23[WARN] user: yoshito-t
GET /pages/popular_books
AVOID eager loading detected
  Book => [:reviews, :favorite_books]
  Remove from your query: .includes([:reviews, :favorite_books])
Call stack
  /Users/yoshito-t/Desktop/study-share/backend/app/controllers/pages_controller.rb:42:in `block in popular_books'
  /Users/yoshito-t/Desktop/study-share/backend/app/controllers/pages_controller.rb:40:in `map'
  /Users/yoshito-t/Desktop/study-share/backend/app/controllers/pages_controller.rb:40:in `popular_books'

2023-09-27 17:28:26[WARN] user: yoshito-t
GET /books?current_user_id=0
AVOID eager loading detected
  Book => [:reviews]
  Remove from your query: .includes([:reviews])
Call stack
  /Users/yoshito-t/Desktop/study-share/backend/app/controllers/concerns/shared_actions/attach_image.rb:12:in `block in attach_image_to_books'
  /Users/yoshito-t/Desktop/study-share/backend/app/controllers/concerns/shared_actions/attach_image.rb:10:in `map'
  /Users/yoshito-t/Desktop/study-share/backend/app/controllers/concerns/shared_actions/attach_image.rb:10:in `attach_image_to_books'
  /Users/yoshito-t/Desktop/study-share/backend/app/controllers/books_controller.rb:13:in `index'

2023-09-27 17:28:35[WARN] user: yoshito-t
GET /pages/new_reviews
USE eager loading detected
  ActiveStorage::Attachment => [:blob]
  Add to your query: .includes([:blob])
Call stack
  /Users/yoshito-t/Desktop/study-share/backend/app/controllers/pages_controller.rb:11:in `block in new_reviews'
  /Users/yoshito-t/Desktop/study-share/backend/app/controllers/pages_controller.rb:9:in `map'
  /Users/yoshito-t/Desktop/study-share/backend/app/controllers/pages_controller.rb:9:in `new_reviews'

2023-09-27 17:28:35[WARN] user: yoshito-t
GET /pages/popular_books
AVOID eager loading detected
  Book => [:reviews, :favorite_books]
  Remove from your query: .includes([:reviews, :favorite_books])
Call stack
  /Users/yoshito-t/Desktop/study-share/backend/app/controllers/pages_controller.rb:42:in `block in popular_books'
  /Users/yoshito-t/Desktop/study-share/backend/app/controllers/pages_controller.rb:40:in `map'
  /Users/yoshito-t/Desktop/study-share/backend/app/controllers/pages_controller.rb:40:in `popular_books'

2023-09-27 17:28:37[WARN] user: yoshito-t
GET /books?current_user_id=0
AVOID eager loading detected
  Book => [:reviews]
  Remove from your query: .includes([:reviews])
Call stack
  /Users/yoshito-t/Desktop/study-share/backend/app/controllers/concerns/shared_actions/attach_image.rb:12:in `block in attach_image_to_books'
  /Users/yoshito-t/Desktop/study-share/backend/app/controllers/concerns/shared_actions/attach_image.rb:10:in `map'
  /Users/yoshito-t/Desktop/study-share/backend/app/controllers/concerns/shared_actions/attach_image.rb:10:in `attach_image_to_books'
  /Users/yoshito-t/Desktop/study-share/backend/app/controllers/books_controller.rb:13:in `index'

2023-09-27 17:28:45[WARN] user: yoshito-t
GET /pages/new_reviews
USE eager loading detected
  ActiveStorage::Attachment => [:blob]
  Add to your query: .includes([:blob])
Call stack
  /Users/yoshito-t/Desktop/study-share/backend/app/controllers/pages_controller.rb:11:in `block in new_reviews'
  /Users/yoshito-t/Desktop/study-share/backend/app/controllers/pages_controller.rb:9:in `map'
  /Users/yoshito-t/Desktop/study-share/backend/app/controllers/pages_controller.rb:9:in `new_reviews'

2023-09-27 17:28:45[WARN] user: yoshito-t
GET /pages/popular_books
AVOID eager loading detected
  Book => [:reviews, :favorite_books]
  Remove from your query: .includes([:reviews, :favorite_books])
Call stack
  /Users/yoshito-t/Desktop/study-share/backend/app/controllers/pages_controller.rb:42:in `block in popular_books'
  /Users/yoshito-t/Desktop/study-share/backend/app/controllers/pages_controller.rb:40:in `map'
  /Users/yoshito-t/Desktop/study-share/backend/app/controllers/pages_controller.rb:40:in `popular_books'

2023-09-27 17:28:47[WARN] user: yoshito-t
GET /books?current_user_id=0
AVOID eager loading detected
  Book => [:reviews]
  Remove from your query: .includes([:reviews])
Call stack
  /Users/yoshito-t/Desktop/study-share/backend/app/controllers/concerns/shared_actions/attach_image.rb:12:in `block in attach_image_to_books'
  /Users/yoshito-t/Desktop/study-share/backend/app/controllers/concerns/shared_actions/attach_image.rb:10:in `map'
  /Users/yoshito-t/Desktop/study-share/backend/app/controllers/concerns/shared_actions/attach_image.rb:10:in `attach_image_to_books'
  /Users/yoshito-t/Desktop/study-share/backend/app/controllers/books_controller.rb:13:in `index'

2023-09-27 17:28:56[WARN] user: yoshito-t
GET /pages/new_reviews
USE eager loading detected
  ActiveStorage::Attachment => [:blob]
  Add to your query: .includes([:blob])
Call stack
  /Users/yoshito-t/Desktop/study-share/backend/app/controllers/pages_controller.rb:11:in `block in new_reviews'
  /Users/yoshito-t/Desktop/study-share/backend/app/controllers/pages_controller.rb:9:in `map'
  /Users/yoshito-t/Desktop/study-share/backend/app/controllers/pages_controller.rb:9:in `new_reviews'

2023-09-27 17:28:56[WARN] user: yoshito-t
GET /pages/popular_books
AVOID eager loading detected
  Book => [:reviews, :favorite_books]
  Remove from your query: .includes([:reviews, :favorite_books])
Call stack
  /Users/yoshito-t/Desktop/study-share/backend/app/controllers/pages_controller.rb:42:in `block in popular_books'
  /Users/yoshito-t/Desktop/study-share/backend/app/controllers/pages_controller.rb:40:in `map'
  /Users/yoshito-t/Desktop/study-share/backend/app/controllers/pages_controller.rb:40:in `popular_books'

2023-09-27 17:28:58[WARN] user: yoshito-t
GET /pages/new_reviews
USE eager loading detected
  ActiveStorage::Attachment => [:blob]
  Add to your query: .includes([:blob])
Call stack
  /Users/yoshito-t/Desktop/study-share/backend/app/controllers/pages_controller.rb:11:in `block in new_reviews'
  /Users/yoshito-t/Desktop/study-share/backend/app/controllers/pages_controller.rb:9:in `map'
  /Users/yoshito-t/Desktop/study-share/backend/app/controllers/pages_controller.rb:9:in `new_reviews'

2023-09-27 17:28:58[WARN] user: yoshito-t
GET /pages/popular_books
AVOID eager loading detected
  Book => [:reviews, :favorite_books]
  Remove from your query: .includes([:reviews, :favorite_books])
Call stack
  /Users/yoshito-t/Desktop/study-share/backend/app/controllers/pages_controller.rb:42:in `block in popular_books'
  /Users/yoshito-t/Desktop/study-share/backend/app/controllers/pages_controller.rb:40:in `map'
  /Users/yoshito-t/Desktop/study-share/backend/app/controllers/pages_controller.rb:40:in `popular_books'

2023-09-27 17:29:04[WARN] user: yoshito-t
GET /pages/new_reviews
USE eager loading detected
  ActiveStorage::Attachment => [:blob]
  Add to your query: .includes([:blob])
Call stack
  /Users/yoshito-t/Desktop/study-share/backend/app/controllers/pages_controller.rb:11:in `block in new_reviews'
  /Users/yoshito-t/Desktop/study-share/backend/app/controllers/pages_controller.rb:9:in `map'
  /Users/yoshito-t/Desktop/study-share/backend/app/controllers/pages_controller.rb:9:in `new_reviews'

2023-09-27 17:29:04[WARN] user: yoshito-t
GET /pages/popular_books
AVOID eager loading detected
  Book => [:reviews, :favorite_books]
  Remove from your query: .includes([:reviews, :favorite_books])
Call stack
  /Users/yoshito-t/Desktop/study-share/backend/app/controllers/pages_controller.rb:42:in `block in popular_books'
  /Users/yoshito-t/Desktop/study-share/backend/app/controllers/pages_controller.rb:40:in `map'
  /Users/yoshito-t/Desktop/study-share/backend/app/controllers/pages_controller.rb:40:in `popular_books'

2023-09-27 17:29:07[WARN] user: yoshito-t
GET /pages/new_reviews
USE eager loading detected
  ActiveStorage::Attachment => [:blob]
  Add to your query: .includes([:blob])
Call stack
  /Users/yoshito-t/Desktop/study-share/backend/app/controllers/pages_controller.rb:11:in `block in new_reviews'
  /Users/yoshito-t/Desktop/study-share/backend/app/controllers/pages_controller.rb:9:in `map'
  /Users/yoshito-t/Desktop/study-share/backend/app/controllers/pages_controller.rb:9:in `new_reviews'

2023-09-27 17:29:07[WARN] user: yoshito-t
GET /pages/popular_books
AVOID eager loading detected
  Book => [:reviews, :favorite_books]
  Remove from your query: .includes([:reviews, :favorite_books])
Call stack
  /Users/yoshito-t/Desktop/study-share/backend/app/controllers/pages_controller.rb:42:in `block in popular_books'
  /Users/yoshito-t/Desktop/study-share/backend/app/controllers/pages_controller.rb:40:in `map'
  /Users/yoshito-t/Desktop/study-share/backend/app/controllers/pages_controller.rb:40:in `popular_books'

2023-10-01 11:07:12[WARN] user: yoshito-t
GET /pages/new_reviews
USE eager loading detected
  ActiveStorage::Attachment => [:blob]
  Add to your query: .includes([:blob])
Call stack
  /Users/yoshito-t/Desktop/study-share/backend/app/controllers/pages_controller.rb:11:in `block in new_reviews'
  /Users/yoshito-t/Desktop/study-share/backend/app/controllers/pages_controller.rb:9:in `map'
  /Users/yoshito-t/Desktop/study-share/backend/app/controllers/pages_controller.rb:9:in `new_reviews'

2023-10-01 11:07:12[WARN] user: yoshito-t
GET /pages/popular_books
AVOID eager loading detected
  Book => [:reviews, :favorite_books]
  Remove from your query: .includes([:reviews, :favorite_books])
Call stack
  /Users/yoshito-t/Desktop/study-share/backend/app/controllers/pages_controller.rb:42:in `block in popular_books'
  /Users/yoshito-t/Desktop/study-share/backend/app/controllers/pages_controller.rb:40:in `map'
  /Users/yoshito-t/Desktop/study-share/backend/app/controllers/pages_controller.rb:40:in `popular_books'

2023-10-01 11:08:04[WARN] user: yoshito-t
GET /pages/new_reviews
USE eager loading detected
  ActiveStorage::Attachment => [:blob]
  Add to your query: .includes([:blob])
Call stack
  /Users/yoshito-t/Desktop/study-share/backend/app/controllers/pages_controller.rb:11:in `block in new_reviews'
  /Users/yoshito-t/Desktop/study-share/backend/app/controllers/pages_controller.rb:9:in `map'
  /Users/yoshito-t/Desktop/study-share/backend/app/controllers/pages_controller.rb:9:in `new_reviews'

2023-10-01 11:08:05[WARN] user: yoshito-t
GET /pages/popular_books
AVOID eager loading detected
  Book => [:reviews, :favorite_books]
  Remove from your query: .includes([:reviews, :favorite_books])
Call stack
  /Users/yoshito-t/Desktop/study-share/backend/app/controllers/pages_controller.rb:42:in `block in popular_books'
  /Users/yoshito-t/Desktop/study-share/backend/app/controllers/pages_controller.rb:40:in `map'
  /Users/yoshito-t/Desktop/study-share/backend/app/controllers/pages_controller.rb:40:in `popular_books'

2023-10-01 11:08:17[WARN] user: yoshito-t
GET /pages/new_reviews
USE eager loading detected
  ActiveStorage::Attachment => [:blob]
  Add to your query: .includes([:blob])
Call stack
  /Users/yoshito-t/Desktop/study-share/backend/app/controllers/pages_controller.rb:11:in `block in new_reviews'
  /Users/yoshito-t/Desktop/study-share/backend/app/controllers/pages_controller.rb:9:in `map'
  /Users/yoshito-t/Desktop/study-share/backend/app/controllers/pages_controller.rb:9:in `new_reviews'

2023-10-01 11:08:17[WARN] user: yoshito-t
GET /pages/popular_books
AVOID eager loading detected
  Book => [:reviews, :favorite_books]
  Remove from your query: .includes([:reviews, :favorite_books])
Call stack
  /Users/yoshito-t/Desktop/study-share/backend/app/controllers/pages_controller.rb:42:in `block in popular_books'
  /Users/yoshito-t/Desktop/study-share/backend/app/controllers/pages_controller.rb:40:in `map'
  /Users/yoshito-t/Desktop/study-share/backend/app/controllers/pages_controller.rb:40:in `popular_books'

2023-10-01 11:08:25[WARN] user: yoshito-t
GET /pages/new_reviews
USE eager loading detected
  ActiveStorage::Attachment => [:blob]
  Add to your query: .includes([:blob])
Call stack
  /Users/yoshito-t/Desktop/study-share/backend/app/controllers/pages_controller.rb:11:in `block in new_reviews'
  /Users/yoshito-t/Desktop/study-share/backend/app/controllers/pages_controller.rb:9:in `map'
  /Users/yoshito-t/Desktop/study-share/backend/app/controllers/pages_controller.rb:9:in `new_reviews'

2023-10-01 11:08:25[WARN] user: yoshito-t
GET /pages/popular_books
AVOID eager loading detected
  Book => [:reviews, :favorite_books]
  Remove from your query: .includes([:reviews, :favorite_books])
Call stack
  /Users/yoshito-t/Desktop/study-share/backend/app/controllers/pages_controller.rb:42:in `block in popular_books'
  /Users/yoshito-t/Desktop/study-share/backend/app/controllers/pages_controller.rb:40:in `map'
  /Users/yoshito-t/Desktop/study-share/backend/app/controllers/pages_controller.rb:40:in `popular_books'

2023-10-01 11:08:49[WARN] user: yoshito-t
GET /pages/popular_books
AVOID eager loading detected
  Book => [:reviews, :favorite_books]
  Remove from your query: .includes([:reviews, :favorite_books])
Call stack
  /Users/yoshito-t/Desktop/study-share/backend/app/controllers/pages_controller.rb:42:in `block in popular_books'
  /Users/yoshito-t/Desktop/study-share/backend/app/controllers/pages_controller.rb:40:in `map'
  /Users/yoshito-t/Desktop/study-share/backend/app/controllers/pages_controller.rb:40:in `popular_books'

2023-10-01 11:08:49[WARN] user: yoshito-t
GET /pages/new_reviews
USE eager loading detected
  ActiveStorage::Attachment => [:blob]
  Add to your query: .includes([:blob])
Call stack
  /Users/yoshito-t/Desktop/study-share/backend/app/controllers/pages_controller.rb:11:in `block in new_reviews'
  /Users/yoshito-t/Desktop/study-share/backend/app/controllers/pages_controller.rb:9:in `map'
  /Users/yoshito-t/Desktop/study-share/backend/app/controllers/pages_controller.rb:9:in `new_reviews'

2023-10-01 11:09:35[WARN] user: yoshito-t
GET /pages/new_reviews
USE eager loading detected
  ActiveStorage::Attachment => [:blob]
  Add to your query: .includes([:blob])
Call stack
  /Users/yoshito-t/Desktop/study-share/backend/app/controllers/pages_controller.rb:11:in `block in new_reviews'
  /Users/yoshito-t/Desktop/study-share/backend/app/controllers/pages_controller.rb:9:in `map'
  /Users/yoshito-t/Desktop/study-share/backend/app/controllers/pages_controller.rb:9:in `new_reviews'

2023-10-01 11:09:36[WARN] user: yoshito-t
GET /pages/popular_books
AVOID eager loading detected
  Book => [:reviews, :favorite_books]
  Remove from your query: .includes([:reviews, :favorite_books])
Call stack
  /Users/yoshito-t/Desktop/study-share/backend/app/controllers/pages_controller.rb:42:in `block in popular_books'
  /Users/yoshito-t/Desktop/study-share/backend/app/controllers/pages_controller.rb:40:in `map'
  /Users/yoshito-t/Desktop/study-share/backend/app/controllers/pages_controller.rb:40:in `popular_books'

2023-10-01 11:12:36[WARN] user: yoshito-t
GET /pages/new_reviews
USE eager loading detected
  ActiveStorage::Attachment => [:blob]
  Add to your query: .includes([:blob])
Call stack
  /Users/yoshito-t/Desktop/study-share/backend/app/controllers/pages_controller.rb:11:in `block in new_reviews'
  /Users/yoshito-t/Desktop/study-share/backend/app/controllers/pages_controller.rb:9:in `map'
  /Users/yoshito-t/Desktop/study-share/backend/app/controllers/pages_controller.rb:9:in `new_reviews'

2023-10-01 11:12:36[WARN] user: yoshito-t
GET /pages/popular_books
AVOID eager loading detected
  Book => [:reviews, :favorite_books]
  Remove from your query: .includes([:reviews, :favorite_books])
Call stack
  /Users/yoshito-t/Desktop/study-share/backend/app/controllers/pages_controller.rb:42:in `block in popular_books'
  /Users/yoshito-t/Desktop/study-share/backend/app/controllers/pages_controller.rb:40:in `map'
  /Users/yoshito-t/Desktop/study-share/backend/app/controllers/pages_controller.rb:40:in `popular_books'

2023-10-01 11:13:12[WARN] user: yoshito-t
GET /pages/new_reviews
USE eager loading detected
  ActiveStorage::Attachment => [:blob]
  Add to your query: .includes([:blob])
Call stack
  /Users/yoshito-t/Desktop/study-share/backend/app/controllers/pages_controller.rb:11:in `block in new_reviews'
  /Users/yoshito-t/Desktop/study-share/backend/app/controllers/pages_controller.rb:9:in `map'
  /Users/yoshito-t/Desktop/study-share/backend/app/controllers/pages_controller.rb:9:in `new_reviews'

2023-10-01 11:13:12[WARN] user: yoshito-t
GET /pages/popular_books
AVOID eager loading detected
  Book => [:reviews, :favorite_books]
  Remove from your query: .includes([:reviews, :favorite_books])
Call stack
  /Users/yoshito-t/Desktop/study-share/backend/app/controllers/pages_controller.rb:42:in `block in popular_books'
  /Users/yoshito-t/Desktop/study-share/backend/app/controllers/pages_controller.rb:40:in `map'
  /Users/yoshito-t/Desktop/study-share/backend/app/controllers/pages_controller.rb:40:in `popular_books'

2023-10-01 11:13:29[WARN] user: yoshito-t
GET /pages/new_reviews
USE eager loading detected
  ActiveStorage::Attachment => [:blob]
  Add to your query: .includes([:blob])
Call stack
  /Users/yoshito-t/Desktop/study-share/backend/app/controllers/pages_controller.rb:11:in `block in new_reviews'
  /Users/yoshito-t/Desktop/study-share/backend/app/controllers/pages_controller.rb:9:in `map'
  /Users/yoshito-t/Desktop/study-share/backend/app/controllers/pages_controller.rb:9:in `new_reviews'

2023-10-01 11:13:29[WARN] user: yoshito-t
GET /pages/popular_books
AVOID eager loading detected
  Book => [:reviews, :favorite_books]
  Remove from your query: .includes([:reviews, :favorite_books])
Call stack
  /Users/yoshito-t/Desktop/study-share/backend/app/controllers/pages_controller.rb:42:in `block in popular_books'
  /Users/yoshito-t/Desktop/study-share/backend/app/controllers/pages_controller.rb:40:in `map'
  /Users/yoshito-t/Desktop/study-share/backend/app/controllers/pages_controller.rb:40:in `popular_books'

2023-10-01 11:13:42[WARN] user: yoshito-t
GET /books/1/questions/2?current_user_id=35
AVOID eager loading detected
  Question => [:book]
  Remove from your query: .includes([:book])
Call stack
  /Users/yoshito-t/Desktop/study-share/backend/app/controllers/questions_controller.rb:36:in `show'

